[2019-02-15T20:01:28.142] [DEBUG] cheese - login => username:admin,password:123456
[2019-02-15T20:01:28.144] [DEBUG] cheese - admin
[2019-02-15T20:01:28.177] [DEBUG] cheese - null
[2019-02-15T20:01:28.179] [DEBUG] cheese - null
[2019-02-15T20:01:32.333] [DEBUG] cheese - login => username:admin,password:123456
[2019-02-15T20:01:32.334] [DEBUG] cheese - admin
[2019-02-15T20:01:32.339] [DEBUG] cheese - null
[2019-02-15T20:01:32.340] [DEBUG] cheese - null
[2019-02-19T09:37:52.649] [DEBUG] cheese - login => username:admin,password:123456
[2019-02-19T09:37:52.652] [DEBUG] cheese - admin
[2019-02-19T09:37:52.694] [DEBUG] cheese - null
[2019-02-19T09:37:52.694] [DEBUG] cheese - null
[2019-02-19T09:37:59.295] [DEBUG] cheese - login => username:admin,password:123456
[2019-02-19T09:37:59.296] [DEBUG] cheese - admin
[2019-02-19T09:37:59.305] [DEBUG] cheese - null
[2019-02-19T09:37:59.305] [DEBUG] cheese - null
[2019-02-19T09:43:39.349] [DEBUG] cheese - login => username:admin,password:123456
[2019-02-19T09:43:39.349] [DEBUG] cheese - admin
[2019-02-19T09:43:39.356] [DEBUG] cheese - null
[2019-02-19T09:43:39.356] [DEBUG] cheese - null
[2019-02-19T09:45:25.578] [DEBUG] cheese - login => username:admin,password:123456
[2019-02-19T09:45:25.578] [DEBUG] cheese - admin
[2019-02-19T09:45:25.582] [DEBUG] cheese - null
[2019-02-19T09:45:25.582] [DEBUG] cheese - null
[2019-02-19T09:47:37.996] [DEBUG] cheese - login => username:admin,password:123456
[2019-02-19T09:47:37.996] [DEBUG] cheese - admin
[2019-02-19T09:47:38.000] [DEBUG] cheese - null
[2019-02-19T09:47:38.000] [DEBUG] cheese - null
[2019-02-19T15:24:43.995] [DEBUG] cheese - login => username:admin,password:123456
[2019-02-19T15:24:43.995] [DEBUG] cheese - admin
[2019-02-19T15:24:44.009] [DEBUG] cheese - null
[2019-02-19T15:24:44.009] [DEBUG] cheese - null
[2019-02-19T15:26:37.076] [DEBUG] cheese - login => username:admin,password:123456
[2019-02-19T15:26:37.076] [DEBUG] cheese - admin
[2019-02-19T15:26:37.081] [DEBUG] cheese - null
[2019-02-19T15:26:37.082] [DEBUG] cheese - null
[2019-02-19T15:26:55.074] [DEBUG] cheese - login => username:admin,password:123456
[2019-02-19T15:26:55.074] [DEBUG] cheese - admin
[2019-02-19T15:26:55.084] [DEBUG] cheese - null
[2019-02-19T15:26:55.084] [DEBUG] cheese - null
[2019-02-19T15:56:46.723] [DEBUG] cheese - login => username:admin,password:123456
[2019-02-19T15:56:46.723] [DEBUG] cheese - admin
[2019-02-19T15:56:46.734] [DEBUG] cheese - null
[2019-02-19T15:56:46.734] [DEBUG] cheese - null
[2019-02-19T15:58:35.286] [DEBUG] cheese - login => username:admin,password:123456
[2019-02-19T15:58:35.286] [DEBUG] cheese - admin
[2019-02-19T15:58:35.289] [DEBUG] cheese - null
[2019-02-19T15:58:35.289] [DEBUG] cheese - null
[2019-02-19T17:55:32.637] [DEBUG] cheese - login => username:admin,password:123456
[2019-02-19T17:55:32.637] [DEBUG] cheese - admin
[2019-02-19T17:55:32.647] [DEBUG] cheese - null
[2019-02-19T17:55:32.647] [DEBUG] cheese - null
[2019-02-21T10:18:14.063] [DEBUG] cheese - login => username:admin,password:123456
[2019-02-21T10:18:14.070] [DEBUG] cheese - admin
[2019-02-21T10:18:14.148] [DEBUG] cheese - null
[2019-02-21T10:18:14.149] [DEBUG] cheese - null
[2019-02-21T11:25:47.489] [DEBUG] cheese - login => username:admin,password:123456
[2019-02-21T11:25:47.489] [DEBUG] cheese - admin
[2019-02-21T11:25:47.506] [DEBUG] cheese - null
[2019-02-21T11:25:47.506] [DEBUG] cheese - null
[2019-02-22T11:01:00.725] [DEBUG] cheese - login => username:admin,password:123456
[2019-02-22T11:01:00.727] [DEBUG] cheese - admin
[2019-02-22T11:01:00.770] [DEBUG] cheese - null
[2019-02-22T11:01:00.772] [DEBUG] cheese - null
[2019-02-22T14:28:55.378] [DEBUG] cheese - login => username:admin,password:123456
[2019-02-22T14:28:55.381] [DEBUG] cheese - admin
[2019-02-22T14:28:55.421] [DEBUG] cheese - null
[2019-02-22T14:28:55.422] [DEBUG] cheese - null
[2019-02-22T17:15:50.869] [DEBUG] cheese - login => username:admin,password:123456
[2019-02-22T17:15:50.870] [DEBUG] cheese - admin
[2019-02-22T17:15:50.877] [DEBUG] cheese - null
[2019-02-22T17:15:50.877] [DEBUG] cheese - null
[2019-02-24T11:35:12.324] [DEBUG] cheese - login => username:admin,password:123456
[2019-02-24T11:35:12.326] [DEBUG] cheese - admin
[2019-02-24T11:35:12.370] [DEBUG] cheese - null
[2019-02-24T11:35:12.371] [DEBUG] cheese - null
[2019-02-27T09:23:47.188] [DEBUG] cheese - login => username:admin,password:123456
[2019-02-27T09:23:47.190] [DEBUG] cheese - admin
[2019-02-27T09:23:47.223] [DEBUG] cheese - null
[2019-02-27T09:23:47.224] [DEBUG] cheese - null
[2019-02-28T09:50:57.906] [DEBUG] cheese - login => username:admin,password:123456
[2019-02-28T09:50:57.909] [DEBUG] cheese - admin
[2019-02-28T09:50:57.944] [DEBUG] cheese - null
[2019-02-28T09:50:57.945] [DEBUG] cheese - null
[2019-02-28T15:16:44.289] [DEBUG] cheese - null
[2019-02-28T15:17:00.618] [DEBUG] cheese - null
[2019-02-28T15:19:53.922] [DEBUG] cheese - null
[2019-02-28T15:22:24.314] [DEBUG] cheese - null
[2019-02-28T15:22:32.485] [DEBUG] cheese - null
[2019-02-28T15:22:40.802] [DEBUG] cheese - null
[2019-03-04T10:09:14.253] [DEBUG] cheese - login => username:admin,password:123456
[2019-03-04T10:09:14.255] [DEBUG] cheese - admin
[2019-03-04T10:09:14.295] [DEBUG] cheese - null
[2019-03-04T10:09:14.297] [DEBUG] cheese - null
[2019-03-05T11:12:05.616] [DEBUG] cheese - login => username:admin,password:123456
[2019-03-05T11:12:05.619] [DEBUG] cheese - admin
[2019-03-05T11:12:05.704] [DEBUG] cheese - null
[2019-03-05T11:12:05.705] [DEBUG] cheese - null
[2019-03-07T11:17:59.651] [DEBUG] cheese - login => username:admin,password:123456
[2019-03-07T11:17:59.653] [DEBUG] cheese - admin
[2019-03-07T11:17:59.696] [DEBUG] cheese - null
[2019-03-07T11:17:59.698] [DEBUG] cheese - null
[2019-03-11T11:01:25.302] [DEBUG] cheese - login => username:admin,password:123456
[2019-03-11T11:01:25.304] [DEBUG] cheese - admin
[2019-03-11T11:01:25.342] [DEBUG] cheese - null
[2019-03-11T11:01:25.343] [DEBUG] cheese - null
[2019-03-12T16:21:19.284] [DEBUG] cheese - login => username:admin,password:123456
[2019-03-12T16:21:19.287] [DEBUG] cheese - admin
[2019-03-12T16:21:19.327] [DEBUG] cheese - null
[2019-03-12T16:21:19.328] [DEBUG] cheese - null
[2019-03-13T13:01:03.746] [DEBUG] cheese - login => username:admin,password:123456
[2019-03-13T13:01:03.749] [DEBUG] cheese - admin
[2019-03-13T13:01:03.787] [DEBUG] cheese - null
[2019-03-13T13:01:03.788] [DEBUG] cheese - null
[2019-03-13T18:10:37.792] [DEBUG] cheese - login => username:admin,password:123456
[2019-03-13T18:10:37.792] [DEBUG] cheese - admin
[2019-03-13T18:10:37.798] [DEBUG] cheese - null
[2019-03-13T18:10:37.799] [DEBUG] cheese - null
[2019-03-14T09:52:27.182] [DEBUG] cheese - login => username:admin,password:123456
[2019-03-14T09:52:27.185] [DEBUG] cheese - admin
[2019-03-14T09:52:27.250] [DEBUG] cheese - null
[2019-03-14T09:52:27.252] [DEBUG] cheese - null
[2019-03-14T14:06:30.186] [DEBUG] cheese - login => username:admin,password:123456
[2019-03-14T14:06:30.187] [DEBUG] cheese - admin
[2019-03-14T14:06:30.192] [DEBUG] cheese - null
[2019-03-14T14:06:30.192] [DEBUG] cheese - null
[2019-03-18T10:37:32.940] [DEBUG] cheese - login => username:admin,password:123456
[2019-03-18T10:37:32.942] [DEBUG] cheese - admin
[2019-03-18T10:37:33.009] [DEBUG] cheese - null
[2019-03-18T10:37:33.012] [DEBUG] cheese - null
[2019-03-18T10:44:33.960] [DEBUG] cheese - login => username:admin,password:123456
[2019-03-18T10:44:33.960] [DEBUG] cheese - admin
[2019-03-18T10:44:33.965] [DEBUG] cheese - null
[2019-03-18T10:44:33.965] [DEBUG] cheese - null
[2019-03-18T11:10:26.359] [DEBUG] cheese - login => username:admin,password:123456
[2019-03-18T11:10:26.359] [DEBUG] cheese - admin
[2019-03-18T11:10:26.368] [DEBUG] cheese - null
[2019-03-18T11:10:26.368] [DEBUG] cheese - null
[2019-03-18T16:40:06.963] [DEBUG] cheese - login => username:admin,password:123456
[2019-03-18T16:40:06.963] [DEBUG] cheese - admin
[2019-03-18T16:40:06.990] [DEBUG] cheese - null
[2019-03-18T16:40:06.990] [DEBUG] cheese - null
[2019-03-18T16:44:12.003] [DEBUG] cheese - login => username:admin,password:123456
[2019-03-18T16:44:12.003] [DEBUG] cheese - admin
[2019-03-18T16:44:12.009] [DEBUG] cheese - null
[2019-03-18T16:44:12.009] [DEBUG] cheese - null
[2019-03-18T16:45:36.212] [DEBUG] cheese - login => username:admin,password:123456
[2019-03-18T16:45:36.213] [DEBUG] cheese - admin
[2019-03-18T16:45:36.218] [DEBUG] cheese - null
[2019-03-18T16:45:36.218] [DEBUG] cheese - null
[2019-03-18T16:53:31.337] [DEBUG] cheese - login => username:admin,password:123456
[2019-03-18T16:53:31.337] [DEBUG] cheese - admin
[2019-03-18T16:53:31.345] [DEBUG] cheese - null
[2019-03-18T16:53:31.345] [DEBUG] cheese - null
[2019-03-19T14:44:00.131] [DEBUG] cheese - login => username:admin,password:123456
[2019-03-19T14:44:00.136] [DEBUG] cheese - admin
[2019-03-19T14:44:00.195] [DEBUG] cheese - null
[2019-03-19T14:44:00.196] [DEBUG] cheese - null
[2019-03-19T15:54:15.897] [DEBUG] cheese - null
[2019-03-19T15:58:59.444] [DEBUG] cheese - null
[2019-03-19T21:36:04.485] [DEBUG] cheese - login => username:admin,password:123456
[2019-03-19T21:36:04.487] [DEBUG] cheese - admin
[2019-03-19T21:36:04.500] [DEBUG] cheese - null
[2019-03-19T21:36:04.502] [DEBUG] cheese - null
[2019-03-19T21:44:57.064] [DEBUG] cheese - login => username:admin,password:123456
[2019-03-19T21:44:57.065] [DEBUG] cheese - admin
[2019-03-19T21:44:57.068] [DEBUG] cheese - null
[2019-03-19T21:44:57.068] [DEBUG] cheese - null
[2019-03-20T11:00:25.466] [DEBUG] cheese - login => username:admin,password:123456
[2019-03-20T11:00:25.468] [DEBUG] cheese - admin
[2019-03-20T11:00:25.510] [DEBUG] cheese - null
[2019-03-20T11:00:25.511] [DEBUG] cheese - null
[2021-10-17T17:51:20.339] [DEBUG] cheese - login => username:Yanz,password:123456
[2021-10-17T17:51:20.341] [DEBUG] cheese - Yanz
[2021-10-17T17:51:20.349] [DEBUG] cheese - null
[2021-10-17T17:51:20.349] [DEBUG] cheese - null
[2021-10-17T19:34:10.873] [DEBUG] cheese - login => username:123,password:123456789
[2021-10-17T19:34:10.874] [DEBUG] cheese - 123
[2021-10-17T19:34:10.884] [DEBUG] cheese - null
[2021-10-17T19:34:10.884] [DEBUG] cheese - null
[2021-10-17T19:35:28.315] [DEBUG] cheese - login => username:123,password:123123123
[2021-10-17T19:35:28.315] [DEBUG] cheese - 123
[2021-10-17T19:35:28.316] [DEBUG] cheese - null
[2021-10-17T19:35:28.317] [DEBUG] cheese - null
[2021-10-17T19:37:33.825] [DEBUG] cheese - login => username:123,password:123123123
[2021-10-17T19:37:33.825] [DEBUG] cheese - 123
[2021-10-17T19:37:33.830] [DEBUG] cheese - null
[2021-10-17T19:37:33.830] [DEBUG] cheese - null
[2021-10-18T10:38:48.432] [DEBUG] cheese - login => username:123,password:123123123123
[2021-10-18T10:38:48.433] [DEBUG] cheese - 123
[2021-10-18T10:38:48.929] [DEBUG] cheese - null
[2021-10-18T10:38:48.929] [DEBUG] cheese - null
[2021-10-18T10:49:48.114] [DEBUG] cheese - login => username:123,password:12345679
[2021-10-18T10:49:48.114] [DEBUG] cheese - 123
[2021-10-18T10:49:48.119] [DEBUG] cheese - null
[2021-10-18T10:49:48.119] [DEBUG] cheese - null
[2021-10-18T10:49:50.913] [DEBUG] cheese - login => username:123,password:12345679
[2021-10-18T10:49:50.913] [DEBUG] cheese - 123
[2021-10-18T10:49:50.915] [DEBUG] cheese - null
[2021-10-18T10:49:50.915] [DEBUG] cheese - null
[2021-10-18T10:58:05.917] [DEBUG] cheese - login => username:admin,password:123456
[2021-10-18T10:58:05.917] [DEBUG] cheese - admin
[2021-10-18T10:58:05.924] [DEBUG] cheese - null
[2021-10-18T10:58:05.924] [DEBUG] cheese - null
[2021-10-18T10:58:19.314] [DEBUG] cheese - login => username:admin,password:123456
[2021-10-18T10:58:19.314] [DEBUG] cheese - admin
[2021-10-18T10:58:19.316] [DEBUG] cheese - null
[2021-10-18T10:58:19.316] [DEBUG] cheese - null
[2021-10-18T11:01:05.780] [DEBUG] cheese - login => username:admin,password:123456
[2021-10-18T11:01:05.780] [DEBUG] cheese - admin
[2021-10-18T11:01:05.784] [DEBUG] cheese - null
[2021-10-18T11:01:05.784] [DEBUG] cheese - null
[2021-10-18T11:02:35.264] [DEBUG] cheese - login => username:admin,password:123456
[2021-10-18T11:02:35.264] [DEBUG] cheese - admin
[2021-10-18T11:02:35.266] [DEBUG] cheese - null
[2021-10-18T11:02:35.266] [DEBUG] cheese - null
[2021-10-18T11:06:00.295] [DEBUG] cheese - login => username:admin,password:123456
[2021-10-18T11:06:00.295] [DEBUG] cheese - admin
[2021-10-18T11:06:00.300] [DEBUG] cheese - null
[2021-10-18T11:06:00.300] [DEBUG] cheese - null
[2021-10-18T11:13:00.172] [DEBUG] cheese - login => username:admin,password:123456
[2021-10-18T11:13:00.172] [DEBUG] cheese - admin
[2021-10-18T11:13:00.176] [DEBUG] cheese - null
[2021-10-18T11:13:00.176] [DEBUG] cheese - null
[2021-10-18T11:53:36.376] [DEBUG] cheese - login => username:admin,password:123456
[2021-10-18T11:53:36.376] [DEBUG] cheese - admin
[2021-10-18T11:53:36.381] [DEBUG] cheese - null
[2021-10-18T11:53:36.381] [DEBUG] cheese - null
[2021-10-18T18:00:01.243] [DEBUG] cheese - login => username:admin,password:123456
[2021-10-18T18:00:01.243] [DEBUG] cheese - admin
[2021-10-18T18:00:01.247] [DEBUG] cheese - null
[2021-10-18T18:00:01.247] [DEBUG] cheese - null
[2021-10-18T18:02:37.279] [DEBUG] cheese - login => username:admin,password:123456
[2021-10-18T18:02:37.279] [DEBUG] cheese - admin
[2021-10-18T18:02:37.283] [DEBUG] cheese - null
[2021-10-18T18:02:37.284] [DEBUG] cheese - null
[2021-10-18T18:03:17.239] [DEBUG] cheese - login => username:admin,password:123456
[2021-10-18T18:03:17.240] [DEBUG] cheese - admin
[2021-10-18T18:03:17.241] [DEBUG] cheese - null
[2021-10-18T18:03:17.241] [DEBUG] cheese - null
[2021-10-18T18:10:57.184] [DEBUG] cheese - login => username:admin,password:123456
[2021-10-18T18:10:57.185] [DEBUG] cheese - admin
[2021-10-18T18:10:57.188] [DEBUG] cheese - null
[2021-10-18T18:10:57.188] [DEBUG] cheese - null
[2021-10-18T18:19:39.626] [DEBUG] cheese - login => username:admin,password:123456
[2021-10-18T18:19:39.626] [DEBUG] cheese - admin
[2021-10-18T18:19:39.629] [DEBUG] cheese - null
[2021-10-18T18:19:39.629] [DEBUG] cheese - null
[2021-10-18T18:20:28.596] [DEBUG] cheese - login => username:admin,password:123456
[2021-10-18T18:20:28.597] [DEBUG] cheese - admin
[2021-10-18T18:20:28.598] [DEBUG] cheese - null
[2021-10-18T18:20:28.598] [DEBUG] cheese - null
[2021-10-18T19:16:09.750] [DEBUG] cheese - login => username:admin,password:123456
[2021-10-18T19:16:09.750] [DEBUG] cheese - admin
[2021-10-18T19:16:09.751] [DEBUG] cheese - null
[2021-10-18T19:16:09.751] [DEBUG] cheese - null
[2021-10-18T19:29:02.273] [DEBUG] cheese - login => username:admin,password:123456
[2021-10-18T19:29:02.274] [DEBUG] cheese - admin
[2021-10-18T19:29:02.275] [DEBUG] cheese - null
[2021-10-18T19:29:02.275] [DEBUG] cheese - null
[2021-10-18T19:41:33.852] [DEBUG] cheese - login => username:admin,password:123456
[2021-10-18T19:41:33.853] [DEBUG] cheese - admin
[2021-10-18T19:41:33.854] [DEBUG] cheese - null
[2021-10-18T19:41:33.854] [DEBUG] cheese - null
[2021-10-18T19:48:22.225] [DEBUG] cheese - login => username:admin,password:123456
[2021-10-18T19:48:22.225] [DEBUG] cheese - admin
[2021-10-18T19:48:22.229] [DEBUG] cheese - null
[2021-10-18T19:48:22.229] [DEBUG] cheese - null
[2021-10-18T19:49:00.585] [DEBUG] cheese - login => username:admin,password:123456
[2021-10-18T19:49:00.585] [DEBUG] cheese - admin
[2021-10-18T19:49:00.587] [DEBUG] cheese - null
[2021-10-18T19:49:00.587] [DEBUG] cheese - null
[2021-10-19T13:17:11.686] [DEBUG] cheese - login => username:admin,password:123456
[2021-10-19T13:17:11.687] [DEBUG] cheese - admin
[2021-10-19T13:17:11.744] [DEBUG] cheese - null
[2021-10-19T13:17:11.745] [DEBUG] cheese - null
[2021-10-20T12:44:14.638] [DEBUG] cheese - login => username:admin,password:123456
[2021-10-20T12:44:14.639] [DEBUG] cheese - admin
[2021-10-20T12:44:14.722] [DEBUG] cheese - null
[2021-10-20T12:44:14.723] [DEBUG] cheese - null
[2021-10-20T14:47:41.509] [DEBUG] cheese - login => username:admin,password:123456
[2021-10-20T14:47:41.509] [DEBUG] cheese - admin
[2021-10-20T14:47:41.512] [DEBUG] cheese - null
[2021-10-20T14:47:41.512] [DEBUG] cheese - null
[2021-10-20T19:27:51.368] [DEBUG] cheese - null
[2021-10-20T19:31:55.621] [DEBUG] cheese - null
[2021-10-20T19:32:16.796] [DEBUG] cheese - null
[2021-10-20T19:33:16.739] [DEBUG] cheese - null
[2021-10-20T19:36:15.989] [DEBUG] cheese - null
[2021-10-20T19:38:05.520] [DEBUG] cheese - null
[2021-10-20T19:39:02.421] [DEBUG] cheese - null
[2021-10-20T19:40:26.191] [DEBUG] cheese - null
[2021-10-21T11:35:04.299] [DEBUG] cheese - login => username:admin,password:123456
[2021-10-21T11:35:04.300] [DEBUG] cheese - admin
[2021-10-21T11:35:04.808] [DEBUG] cheese - null
[2021-10-21T11:35:04.809] [DEBUG] cheese - null
[2021-10-22T09:06:35.808] [DEBUG] cheese - login => username:admin,password:123456
[2021-10-22T09:06:35.809] [DEBUG] cheese - admin
[2021-10-22T09:06:35.845] [DEBUG] cheese - null
[2021-10-22T09:06:35.845] [DEBUG] cheese - null
[2021-10-22T18:31:40.404] [DEBUG] cheese - login => username:admin,password:123456
[2021-10-22T18:31:40.405] [DEBUG] cheese - admin
[2021-10-22T18:31:40.413] [DEBUG] cheese - null
[2021-10-22T18:31:40.413] [DEBUG] cheese - null
[2021-10-23T10:35:23.463] [DEBUG] cheese - login => username:admin,password:123456
[2021-10-23T10:35:23.464] [DEBUG] cheese - admin
[2021-10-23T10:35:23.510] [DEBUG] cheese - null
[2021-10-23T10:35:23.510] [DEBUG] cheese - null
[2021-10-24T09:14:51.321] [DEBUG] cheese - login => username:admin,password:123456
[2021-10-24T09:14:51.322] [DEBUG] cheese - admin
[2021-10-24T09:14:51.368] [DEBUG] cheese - null
[2021-10-24T09:14:51.369] [DEBUG] cheese - null
[2021-10-24T17:54:30.409] [DEBUG] cheese - login => username:admin,password:123456
[2021-10-24T17:54:30.410] [DEBUG] cheese - admin
[2021-10-24T17:54:30.416] [DEBUG] cheese - null
[2021-10-24T17:54:30.416] [DEBUG] cheese - null
[2021-10-25T08:36:39.100] [DEBUG] cheese - login => username:admin,password:123456
[2021-10-25T08:36:39.101] [DEBUG] cheese - admin
[2021-10-25T08:36:39.136] [DEBUG] cheese - null
[2021-10-25T08:36:39.137] [DEBUG] cheese - null
[2021-10-25T19:25:07.792] [DEBUG] cheese - login => username:admin,password:123456
[2021-10-25T19:25:07.793] [DEBUG] cheese - admin
[2021-10-25T19:25:07.833] [DEBUG] cheese - null
[2021-10-25T19:25:07.834] [DEBUG] cheese - null
[2021-10-26T11:19:06.806] [DEBUG] cheese - login => username:admin,password:123456
[2021-10-26T11:19:06.808] [DEBUG] cheese - admin
[2021-10-26T11:19:06.850] [DEBUG] cheese - null
[2021-10-26T11:19:06.851] [DEBUG] cheese - null
[2021-10-27T12:46:03.940] [DEBUG] cheese - login => username:admin,password:123456
[2021-10-27T12:46:03.941] [DEBUG] cheese - admin
[2021-10-27T12:46:03.979] [DEBUG] cheese - null
[2021-10-27T12:46:03.980] [DEBUG] cheese - null
[2021-10-27T14:16:12.066] [DEBUG] cheese - null
[2021-10-27T19:09:24.137] [DEBUG] cheese - login => username:admin,password:123456
[2021-10-27T19:09:24.138] [DEBUG] cheese - admin
[2021-10-27T19:09:24.146] [DEBUG] cheese - null
[2021-10-27T19:09:24.147] [DEBUG] cheese - null
[2021-10-29T09:12:54.501] [DEBUG] cheese - login => username:admin,password:123456
[2021-10-29T09:12:54.502] [DEBUG] cheese - admin
[2021-10-29T09:12:54.954] [DEBUG] cheese - null
[2021-10-29T09:12:54.954] [DEBUG] cheese - null
